[debug] [2025-07-31T04:50:33.392Z] ----------------------------------------------------------------------
[debug] [2025-07-31T04:50:33.396Z] Command:       /opt/homebrew/Cellar/node/23.11.0/bin/node /opt/homebrew/bin/firebase init firestore
[debug] [2025-07-31T04:50:33.396Z] CLI Version:   14.8.0
[debug] [2025-07-31T04:50:33.396Z] Platform:      darwin
[debug] [2025-07-31T04:50:33.396Z] Node Version:  v23.11.0
[debug] [2025-07-31T04:50:33.397Z] Time:          Wed Jul 30 2025 23:50:33 GMT-0500 (Central Daylight Time)
[debug] [2025-07-31T04:50:33.397Z] ----------------------------------------------------------------------
[debug] 
[debug] [2025-07-31T04:50:33.397Z] >>> [apiv2][query] GET https://firebase-public.firebaseio.com/cli.json [none]
[debug] [2025-07-31T04:50:33.411Z] > command requires scopes: ["email","openid","https://www.googleapis.com/auth/cloudplatformprojects.readonly","https://www.googleapis.com/auth/firebase","https://www.googleapis.com/auth/cloud-platform"]
[debug] [2025-07-31T04:50:33.411Z] > authorizing via signed-in user (rodney@rodneymanor.com)
[info] 
     ######## #### ########  ######## ########     ###     ######  ########
     ##        ##  ##     ## ##       ##     ##  ##   ##  ##       ##
     ######    ##  ########  ######   ########  #########  ######  ######
     ##        ##  ##    ##  ##       ##     ## ##     ##       ## ##
     ##       #### ##     ## ######## ########  ##     ##  ######  ########

You're about to initialize a Firebase project in this directory:

  /Users/rmanor/Documents/Development-Local/Gen C Alpha

[info] 
=== Project Setup
[info] 
[info] First, let's associate this project directory with a Firebase project.
[info] You can create multiple project aliases by running firebase use --add, 
[info] but for now we'll just set up a default project.
[info] 
[debug] [2025-07-31T04:50:33.598Z] <<< [apiv2][status] GET https://firebase-public.firebaseio.com/cli.json 200
[debug] [2025-07-31T04:50:33.598Z] <<< [apiv2][body] GET https://firebase-public.firebaseio.com/cli.json {"cloudBuildErrorAfter":1594252800000,"cloudBuildWarnAfter":1590019200000,"defaultNode10After":1594252800000,"minVersion":"3.0.5","node8DeploysDisabledAfter":1613390400000,"node8RuntimeDisabledAfter":1615809600000,"node8WarnAfter":1600128000000}
[debug] [2025-07-31T04:50:44.534Z] Checked if tokens are valid: false, expires at: 1751509737664
[debug] [2025-07-31T04:50:44.535Z] Checked if tokens are valid: false, expires at: 1751509737664
[debug] [2025-07-31T04:50:44.535Z] > refreshing access token with scopes: []
[debug] [2025-07-31T04:50:44.536Z] >>> [apiv2][query] POST https://www.googleapis.com/oauth2/v3/token [none]
[debug] [2025-07-31T04:50:44.536Z] >>> [apiv2][body] POST https://www.googleapis.com/oauth2/v3/token [omitted]
[debug] [2025-07-31T04:50:44.738Z] <<< [apiv2][status] POST https://www.googleapis.com/oauth2/v3/token 200
[debug] [2025-07-31T04:50:44.738Z] <<< [apiv2][body] POST https://www.googleapis.com/oauth2/v3/token [omitted]
[debug] [2025-07-31T04:50:44.747Z] >>> [apiv2][query] GET https://firebase.googleapis.com/v1beta1/projects pageSize=100
[debug] [2025-07-31T04:50:45.173Z] <<< [apiv2][status] GET https://firebase.googleapis.com/v1beta1/projects 200
[debug] [2025-07-31T04:50:45.174Z] <<< [apiv2][body] GET https://firebase.googleapis.com/v1beta1/projects [omitted]
[info] i  Using project genc-a8f49 (GenC) 
[info] 
=== Firestore Setup
[info] i  firestore: ensuring required API firestore.googleapis.com is enabled... 
[debug] [2025-07-31T04:50:47.467Z] Checked if tokens are valid: true, expires at: 1753941043738
[debug] [2025-07-31T04:50:47.467Z] Checked if tokens are valid: true, expires at: 1753941043738
[debug] [2025-07-31T04:50:47.467Z] >>> [apiv2][query] GET https://serviceusage.googleapis.com/v1/projects/genc-a8f49/services/firestore.googleapis.com [none]
[debug] [2025-07-31T04:50:47.467Z] >>> [apiv2][(partial)header] GET https://serviceusage.googleapis.com/v1/projects/genc-a8f49/services/firestore.googleapis.com x-goog-quota-user=projects/genc-a8f49
[debug] [2025-07-31T04:50:48.319Z] <<< [apiv2][status] GET https://serviceusage.googleapis.com/v1/projects/genc-a8f49/services/firestore.googleapis.com 200
[debug] [2025-07-31T04:50:48.319Z] <<< [apiv2][body] GET https://serviceusage.googleapis.com/v1/projects/genc-a8f49/services/firestore.googleapis.com [omitted]
[info] ✔  firestore: required API firestore.googleapis.com is enabled 
[debug] [2025-07-31T04:50:48.325Z] Checked if tokens are valid: true, expires at: 1753941043738
[debug] [2025-07-31T04:50:48.325Z] Checked if tokens are valid: true, expires at: 1753941043738
[debug] [2025-07-31T04:50:48.326Z] >>> [apiv2][query] GET https://firestore.googleapis.com/v1/projects/genc-a8f49/databases [none]
[debug] [2025-07-31T04:50:48.859Z] <<< [apiv2][status] GET https://firestore.googleapis.com/v1/projects/genc-a8f49/databases 200
[debug] [2025-07-31T04:50:48.859Z] <<< [apiv2][body] GET https://firestore.googleapis.com/v1/projects/genc-a8f49/databases {"databases":[{"name":"projects/genc-a8f49/databases/(default)","uid":"e154a558-aa6a-4492-a63e-8ecb12ef66ab","createTime":"2025-05-21T15:05:40.021Z","updateTime":"2025-05-21T15:05:40.021Z","locationId":"nam5","type":"FIRESTORE_NATIVE","concurrencyMode":"PESSIMISTIC","versionRetentionPeriod":"3600s","earliestVersionTime":"2025-07-31T03:50:48.905610Z","appEngineIntegrationMode":"DISABLED","keyPrefix":"s","pointInTimeRecoveryEnablement":"POINT_IN_TIME_RECOVERY_DISABLED","deleteProtectionState":"DELETE_PROTECTION_DISABLED","databaseEdition":"STANDARD","freeTier":true,"etag":"II+42pSm5o4DMPfv0oj0tI0D"}]}
[info] 
[info] Firestore Security Rules allow you to define how and when to allow
[info] requests. You can keep these rules in your project directory
[info] and publish them with firebase deploy.
[info] 
[debug] [2025-07-31T04:50:58.069Z] Checked if tokens are valid: true, expires at: 1753941043738
[debug] [2025-07-31T04:50:58.069Z] Checked if tokens are valid: true, expires at: 1753941043738
[debug] [2025-07-31T04:50:58.069Z] >>> [apiv2][query] GET https://firebaserules.googleapis.com/v1/projects/genc-a8f49/releases pageSize=10&pageToken=
[debug] [2025-07-31T04:50:58.301Z] <<< [apiv2][status] GET https://firebaserules.googleapis.com/v1/projects/genc-a8f49/releases 200
[debug] [2025-07-31T04:50:58.301Z] <<< [apiv2][body] GET https://firebaserules.googleapis.com/v1/projects/genc-a8f49/releases {"releases":[{"name":"projects/genc-a8f49/releases/cloud.firestore","rulesetName":"projects/genc-a8f49/rulesets/56331bb4-51dd-4873-b6c4-97080b55ed93","createTime":"2025-05-21T15:05:41.515297Z","updateTime":"2025-07-02T15:37:12.725404Z"}]}
[debug] [2025-07-31T04:50:58.302Z] Checked if tokens are valid: true, expires at: 1753941043738
[debug] [2025-07-31T04:50:58.302Z] Checked if tokens are valid: true, expires at: 1753941043738
[debug] [2025-07-31T04:50:58.302Z] >>> [apiv2][query] GET https://firebaserules.googleapis.com/v1/projects/genc-a8f49/rulesets/56331bb4-51dd-4873-b6c4-97080b55ed93 [none]
[debug] [2025-07-31T04:50:58.392Z] <<< [apiv2][status] GET https://firebaserules.googleapis.com/v1/projects/genc-a8f49/rulesets/56331bb4-51dd-4873-b6c4-97080b55ed93 200
[debug] [2025-07-31T04:50:58.392Z] <<< [apiv2][body] GET https://firebaserules.googleapis.com/v1/projects/genc-a8f49/rulesets/56331bb4-51dd-4873-b6c4-97080b55ed93 [omitted]
[info] i  Downloaded the existing Firestore Security Rules from the Firebase console 
[info] i  Skipping write of firestore.rules 
[info] 
[info] Firestore indexes allow you to perform complex queries while
[info] maintaining performance that scales with the size of the result
[info] set. You can keep index definitions in your project directory
[info] and publish them with firebase deploy.
[info] 
[debug] [2025-07-31T04:51:24.144Z] ExitPromptError: User force closed the prompt with SIGINT
    at Interface.sigint (/opt/homebrew/lib/node_modules/firebase-tools/node_modules/@inquirer/core/dist/commonjs/lib/create-prompt.js:101:37)
    at Interface.emit (node:events:507:28)
    at Interface.emit (node:domain:489:12)
    at [_ttyWrite] [as _ttyWrite] (node:internal/readline/interface:1129:18)
    at ReadStream.onkeypress (node:internal/readline/interface:268:20)
    at ReadStream.emit (node:events:519:35)
    at ReadStream.emit (node:domain:489:12)
    at emitKeys (node:internal/readline/utils:370:14)
    at emitKeys.next (<anonymous>)
    at ReadStream.onData (node:internal/readline/emitKeypressEvents:64:36)
[error] 
[error] Error: An unexpected error has occurred.
